* using log directory ‘/Users/nova/Desktop/MA 675:677/MSSP_MA_675-677/Fidelity/functions/FidFunc.Rcheck’
* using R version 3.6.1 (2019-07-05)
* using platform: x86_64-apple-darwin15.6.0 (64-bit)
* using session charset: UTF-8
* checking for file ‘FidFunc/DESCRIPTION’ ... OK
* checking extension type ... Package
* this is package ‘FidFunc’ version ‘0.1.0’
* package encoding: UTF-8
* checking package namespace information ... OK
* checking package dependencies ... OK
* checking if this is a source package ... OK
* checking if there is a namespace ... OK
* checking for executable files ... OK
* checking for hidden files and directories ... OK
* checking for portable file names ... OK
* checking for sufficient/correct file permissions ... OK
* checking whether package ‘FidFunc’ can be installed ... OK
* checking installed package size ... OK
* checking package directory ... OK
* checking DESCRIPTION meta-information ... OK
* checking top-level files ... OK
* checking for left-over files ... OK
* checking index information ... OK
* checking package subdirectories ... OK
* checking R files for non-ASCII characters ... OK
* checking R files for syntax errors ... OK
* checking whether the package can be loaded ... ERROR
Loading this package had a fatal error status code 1
Loading log:
Error in library(FidFunc) : there is no package called ‘FidFunc’
Execution halted
* DONE
Status: 1 ERROR
